<?xml version="1.0" encoding="UTF-8"?>
<testsuite xmlns:xsi="http://www.w3.org/2001/XMLSchema-instance" xsi:noNamespaceSchemaLocation="https://maven.apache.org/surefire/maven-surefire-plugin/xsd/surefire-test-report.xsd" name="com.cts.MovieBookingApp.models.MovieTest" time="0.613" tests="3" errors="0" skipped="0" failures="0">
  <properties>
    <property name="java.specification.version" value="17"/>
    <property name="sun.cpu.isalist" value="amd64"/>
    <property name="sun.jnu.encoding" value="Cp1252"/>
    <property name="java.class.path" value="C:\Users\Administrator\Desktop\FSE-1 Program\MovieBookingApp\target\test-classes;C:\Users\Administrator\Desktop\FSE-1 Program\MovieBookingApp\target\classes;C:\Users\Administrator\.m2\repository\org\springframework\boot\spring-boot-starter-data-mongodb\3.0.5\spring-boot-starter-data-mongodb-3.0.5.jar;C:\Users\Administrator\.m2\repository\org\springframework\boot\spring-boot-starter\3.0.5\spring-boot-starter-3.0.5.jar;C:\Users\Administrator\.m2\repository\org\springframework\boot\spring-boot-starter-logging\3.0.5\spring-boot-starter-logging-3.0.5.jar;C:\Users\Administrator\.m2\repository\ch\qos\logback\logback-classic\1.4.6\logback-classic-1.4.6.jar;C:\Users\Administrator\.m2\repository\ch\qos\logback\logback-core\1.4.6\logback-core-1.4.6.jar;C:\Users\Administrator\.m2\repository\org\apache\logging\log4j\log4j-to-slf4j\2.19.0\log4j-to-slf4j-2.19.0.jar;C:\Users\Administrator\.m2\repository\org\apache\logging\log4j\log4j-api\2.19.0\log4j-api-2.19.0.jar;C:\Users\Administrator\.m2\repository\org\slf4j\jul-to-slf4j\2.0.7\jul-to-slf4j-2.0.7.jar;C:\Users\Administrator\.m2\repository\jakarta\annotation\jakarta.annotation-api\2.1.1\jakarta.annotation-api-2.1.1.jar;C:\Users\Administrator\.m2\repository\org\yaml\snakeyaml\1.33\snakeyaml-1.33.jar;C:\Users\Administrator\.m2\repository\org\mongodb\mongodb-driver-sync\4.8.2\mongodb-driver-sync-4.8.2.jar;C:\Users\Administrator\.m2\repository\org\mongodb\bson\4.8.2\bson-4.8.2.jar;C:\Users\Administrator\.m2\repository\org\mongodb\mongodb-driver-core\4.8.2\mongodb-driver-core-4.8.2.jar;C:\Users\Administrator\.m2\repository\org\mongodb\bson-record-codec\4.8.2\bson-record-codec-4.8.2.jar;C:\Users\Administrator\.m2\repository\org\springframework\data\spring-data-mongodb\4.0.4\spring-data-mongodb-4.0.4.jar;C:\Users\Administrator\.m2\repository\org\springframework\spring-beans\6.0.7\spring-beans-6.0.7.jar;C:\Users\Administrator\.m2\repository\org\springframework\spring-expression\6.0.7\spring-expression-6.0.7.jar;C:\Users\Administrator\.m2\repository\org\springframework\data\spring-data-commons\3.0.4\spring-data-commons-3.0.4.jar;C:\Users\Administrator\.m2\repository\org\slf4j\slf4j-api\2.0.7\slf4j-api-2.0.7.jar;C:\Users\Administrator\.m2\repository\org\springframework\boot\spring-boot-starter-web\3.0.5\spring-boot-starter-web-3.0.5.jar;C:\Users\Administrator\.m2\repository\org\springframework\boot\spring-boot-starter-json\3.0.5\spring-boot-starter-json-3.0.5.jar;C:\Users\Administrator\.m2\repository\com\fasterxml\jackson\core\jackson-databind\2.14.2\jackson-databind-2.14.2.jar;C:\Users\Administrator\.m2\repository\com\fasterxml\jackson\core\jackson-annotations\2.14.2\jackson-annotations-2.14.2.jar;C:\Users\Administrator\.m2\repository\com\fasterxml\jackson\core\jackson-core\2.14.2\jackson-core-2.14.2.jar;C:\Users\Administrator\.m2\repository\com\fasterxml\jackson\datatype\jackson-datatype-jdk8\2.14.2\jackson-datatype-jdk8-2.14.2.jar;C:\Users\Administrator\.m2\repository\com\fasterxml\jackson\datatype\jackson-datatype-jsr310\2.14.2\jackson-datatype-jsr310-2.14.2.jar;C:\Users\Administrator\.m2\repository\com\fasterxml\jackson\module\jackson-module-parameter-names\2.14.2\jackson-module-parameter-names-2.14.2.jar;C:\Users\Administrator\.m2\repository\org\springframework\boot\spring-boot-starter-tomcat\3.0.5\spring-boot-starter-tomcat-3.0.5.jar;C:\Users\Administrator\.m2\repository\org\apache\tomcat\embed\tomcat-embed-core\10.1.7\tomcat-embed-core-10.1.7.jar;C:\Users\Administrator\.m2\repository\org\apache\tomcat\embed\tomcat-embed-el\10.1.7\tomcat-embed-el-10.1.7.jar;C:\Users\Administrator\.m2\repository\org\apache\tomcat\embed\tomcat-embed-websocket\10.1.7\tomcat-embed-websocket-10.1.7.jar;C:\Users\Administrator\.m2\repository\org\springframework\spring-web\6.0.7\spring-web-6.0.7.jar;C:\Users\Administrator\.m2\repository\org\springframework\spring-webmvc\6.0.7\spring-webmvc-6.0.7.jar;C:\Users\Administrator\.m2\repository\org\springframework\spring-aop\6.0.7\spring-aop-6.0.7.jar;C:\Users\Administrator\.m2\repository\org\springframework\boot\spring-boot-devtools\3.0.5\spring-boot-devtools-3.0.5.jar;C:\Users\Administrator\.m2\repository\org\springframework\boot\spring-boot\3.0.5\spring-boot-3.0.5.jar;C:\Users\Administrator\.m2\repository\org\springframework\boot\spring-boot-autoconfigure\3.0.5\spring-boot-autoconfigure-3.0.5.jar;C:\Users\Administrator\.m2\repository\org\projectlombok\lombok\1.18.26\lombok-1.18.26.jar;C:\Users\Administrator\.m2\repository\org\springframework\boot\spring-boot-starter-test\3.0.5\spring-boot-starter-test-3.0.5.jar;C:\Users\Administrator\.m2\repository\org\springframework\boot\spring-boot-test\3.0.5\spring-boot-test-3.0.5.jar;C:\Users\Administrator\.m2\repository\org\springframework\boot\spring-boot-test-autoconfigure\3.0.5\spring-boot-test-autoconfigure-3.0.5.jar;C:\Users\Administrator\.m2\repository\com\jayway\jsonpath\json-path\2.7.0\json-path-2.7.0.jar;C:\Users\Administrator\.m2\repository\net\minidev\json-smart\2.4.10\json-smart-2.4.10.jar;C:\Users\Administrator\.m2\repository\net\minidev\accessors-smart\2.4.9\accessors-smart-2.4.9.jar;C:\Users\Administrator\.m2\repository\org\ow2\asm\asm\9.3\asm-9.3.jar;C:\Users\Administrator\.m2\repository\jakarta\xml\bind\jakarta.xml.bind-api\4.0.0\jakarta.xml.bind-api-4.0.0.jar;C:\Users\Administrator\.m2\repository\jakarta\activation\jakarta.activation-api\2.1.1\jakarta.activation-api-2.1.1.jar;C:\Users\Administrator\.m2\repository\org\assertj\assertj-core\3.23.1\assertj-core-3.23.1.jar;C:\Users\Administrator\.m2\repository\net\bytebuddy\byte-buddy\1.12.23\byte-buddy-1.12.23.jar;C:\Users\Administrator\.m2\repository\org\hamcrest\hamcrest\2.2\hamcrest-2.2.jar;C:\Users\Administrator\.m2\repository\org\junit\jupiter\junit-jupiter\5.9.2\junit-jupiter-5.9.2.jar;C:\Users\Administrator\.m2\repository\org\junit\jupiter\junit-jupiter-params\5.9.2\junit-jupiter-params-5.9.2.jar;C:\Users\Administrator\.m2\repository\org\junit\jupiter\junit-jupiter-engine\5.9.2\junit-jupiter-engine-5.9.2.jar;C:\Users\Administrator\.m2\repository\org\mockito\mockito-core\4.8.1\mockito-core-4.8.1.jar;C:\Users\Administrator\.m2\repository\net\bytebuddy\byte-buddy-agent\1.12.23\byte-buddy-agent-1.12.23.jar;C:\Users\Administrator\.m2\repository\org\objenesis\objenesis\3.2\objenesis-3.2.jar;C:\Users\Administrator\.m2\repository\org\mockito\mockito-junit-jupiter\4.8.1\mockito-junit-jupiter-4.8.1.jar;C:\Users\Administrator\.m2\repository\org\skyscreamer\jsonassert\1.5.1\jsonassert-1.5.1.jar;C:\Users\Administrator\.m2\repository\com\vaadin\external\google\android-json\0.0.20131108.vaadin1\android-json-0.0.20131108.vaadin1.jar;C:\Users\Administrator\.m2\repository\org\springframework\spring-core\6.0.7\spring-core-6.0.7.jar;C:\Users\Administrator\.m2\repository\org\springframework\spring-jcl\6.0.7\spring-jcl-6.0.7.jar;C:\Users\Administrator\.m2\repository\org\springframework\spring-test\6.0.7\spring-test-6.0.7.jar;C:\Users\Administrator\.m2\repository\org\xmlunit\xmlunit-core\2.9.1\xmlunit-core-2.9.1.jar;C:\Users\Administrator\.m2\repository\org\springframework\kafka\spring-kafka\3.0.5\spring-kafka-3.0.5.jar;C:\Users\Administrator\.m2\repository\org\springframework\spring-context\6.0.7\spring-context-6.0.7.jar;C:\Users\Administrator\.m2\repository\org\springframework\spring-messaging\6.0.7\spring-messaging-6.0.7.jar;C:\Users\Administrator\.m2\repository\org\springframework\spring-tx\6.0.7\spring-tx-6.0.7.jar;C:\Users\Administrator\.m2\repository\org\springframework\retry\spring-retry\2.0.1\spring-retry-2.0.1.jar;C:\Users\Administrator\.m2\repository\org\apache\kafka\kafka-clients\3.3.2\kafka-clients-3.3.2.jar;C:\Users\Administrator\.m2\repository\com\github\luben\zstd-jni\1.5.2-1\zstd-jni-1.5.2-1.jar;C:\Users\Administrator\.m2\repository\org\lz4\lz4-java\1.8.0\lz4-java-1.8.0.jar;C:\Users\Administrator\.m2\repository\org\xerial\snappy\snappy-java\1.1.8.4\snappy-java-1.1.8.4.jar;C:\Users\Administrator\.m2\repository\io\micrometer\micrometer-observation\1.10.5\micrometer-observation-1.10.5.jar;C:\Users\Administrator\.m2\repository\io\micrometer\micrometer-commons\1.10.5\micrometer-commons-1.10.5.jar;C:\Users\Administrator\.m2\repository\com\google\code\findbugs\jsr305\3.0.2\jsr305-3.0.2.jar;C:\Users\Administrator\.m2\repository\org\springframework\kafka\spring-kafka-test\3.0.5\spring-kafka-test-3.0.5.jar;C:\Users\Administrator\.m2\repository\org\apache\zookeeper\zookeeper\3.6.3\zookeeper-3.6.3.jar;C:\Users\Administrator\.m2\repository\org\apache\zookeeper\zookeeper-jute\3.6.3\zookeeper-jute-3.6.3.jar;C:\Users\Administrator\.m2\repository\org\apache\yetus\audience-annotations\0.5.0\audience-annotations-0.5.0.jar;C:\Users\Administrator\.m2\repository\io\netty\netty-handler\4.1.90.Final\netty-handler-4.1.90.Final.jar;C:\Users\Administrator\.m2\repository\io\netty\netty-common\4.1.90.Final\netty-common-4.1.90.Final.jar;C:\Users\Administrator\.m2\repository\io\netty\netty-resolver\4.1.90.Final\netty-resolver-4.1.90.Final.jar;C:\Users\Administrator\.m2\repository\io\netty\netty-buffer\4.1.90.Final\netty-buffer-4.1.90.Final.jar;C:\Users\Administrator\.m2\repository\io\netty\netty-transport\4.1.90.Final\netty-transport-4.1.90.Final.jar;C:\Users\Administrator\.m2\repository\io\netty\netty-transport-native-unix-common\4.1.90.Final\netty-transport-native-unix-common-4.1.90.Final.jar;C:\Users\Administrator\.m2\repository\io\netty\netty-codec\4.1.90.Final\netty-codec-4.1.90.Final.jar;C:\Users\Administrator\.m2\repository\io\netty\netty-transport-native-epoll\4.1.90.Final\netty-transport-native-epoll-4.1.90.Final.jar;C:\Users\Administrator\.m2\repository\io\netty\netty-transport-classes-epoll\4.1.90.Final\netty-transport-classes-epoll-4.1.90.Final.jar;C:\Users\Administrator\.m2\repository\org\apache\kafka\kafka-clients\3.3.2\kafka-clients-3.3.2-test.jar;C:\Users\Administrator\.m2\repository\org\apache\kafka\kafka-metadata\3.3.2\kafka-metadata-3.3.2.jar;C:\Users\Administrator\.m2\repository\org\apache\kafka\kafka-server-common\3.3.2\kafka-server-common-3.3.2.jar;C:\Users\Administrator\.m2\repository\org\apache\kafka\kafka-raft\3.3.2\kafka-raft-3.3.2.jar;C:\Users\Administrator\.m2\repository\com\yammer\metrics\metrics-core\2.2.0\metrics-core-2.2.0.jar;C:\Users\Administrator\.m2\repository\org\apache\kafka\kafka-streams-test-utils\3.3.2\kafka-streams-test-utils-3.3.2.jar;C:\Users\Administrator\.m2\repository\org\apache\kafka\kafka-streams\3.3.2\kafka-streams-3.3.2.jar;C:\Users\Administrator\.m2\repository\org\rocksdb\rocksdbjni\7.1.2\rocksdbjni-7.1.2.jar;C:\Users\Administrator\.m2\repository\org\apache\kafka\kafka_2.13\3.3.2\kafka_2.13-3.3.2.jar;C:\Users\Administrator\.m2\repository\org\scala-lang\scala-library\2.13.8\scala-library-2.13.8.jar;C:\Users\Administrator\.m2\repository\org\apache\kafka\kafka-storage\3.3.2\kafka-storage-3.3.2.jar;C:\Users\Administrator\.m2\repository\org\apache\kafka\kafka-storage-api\3.3.2\kafka-storage-api-3.3.2.jar;C:\Users\Administrator\.m2\repository\net\sourceforge\argparse4j\argparse4j\0.7.0\argparse4j-0.7.0.jar;C:\Users\Administrator\.m2\repository\com\fasterxml\jackson\module\jackson-module-scala_2.13\2.14.2\jackson-module-scala_2.13-2.14.2.jar;C:\Users\Administrator\.m2\repository\com\thoughtworks\paranamer\paranamer\2.8\paranamer-2.8.jar;C:\Users\Administrator\.m2\repository\com\fasterxml\jackson\dataformat\jackson-dataformat-csv\2.14.2\jackson-dataformat-csv-2.14.2.jar;C:\Users\Administrator\.m2\repository\net\sf\jopt-simple\jopt-simple\5.0.4\jopt-simple-5.0.4.jar;C:\Users\Administrator\.m2\repository\org\bitbucket\b_c\jose4j\0.7.9\jose4j-0.7.9.jar;C:\Users\Administrator\.m2\repository\org\scala-lang\modules\scala-collection-compat_2.13\2.6.0\scala-collection-compat_2.13-2.6.0.jar;C:\Users\Administrator\.m2\repository\org\scala-lang\modules\scala-java8-compat_2.13\1.0.2\scala-java8-compat_2.13-1.0.2.jar;C:\Users\Administrator\.m2\repository\org\scala-lang\scala-reflect\2.13.8\scala-reflect-2.13.8.jar;C:\Users\Administrator\.m2\repository\com\typesafe\scala-logging\scala-logging_2.13\3.9.4\scala-logging_2.13-3.9.4.jar;C:\Users\Administrator\.m2\repository\io\dropwizard\metrics\metrics-core\4.2.18\metrics-core-4.2.18.jar;C:\Users\Administrator\.m2\repository\commons-cli\commons-cli\1.4\commons-cli-1.4.jar;C:\Users\Administrator\.m2\repository\org\apache\kafka\kafka_2.13\3.3.2\kafka_2.13-3.3.2-test.jar;C:\Users\Administrator\.m2\repository\org\junit\jupiter\junit-jupiter-api\5.9.2\junit-jupiter-api-5.9.2.jar;C:\Users\Administrator\.m2\repository\org\opentest4j\opentest4j\1.2.0\opentest4j-1.2.0.jar;C:\Users\Administrator\.m2\repository\org\junit\platform\junit-platform-commons\1.9.2\junit-platform-commons-1.9.2.jar;C:\Users\Administrator\.m2\repository\org\apiguardian\apiguardian-api\1.1.2\apiguardian-api-1.1.2.jar;C:\Users\Administrator\.m2\repository\org\junit\platform\junit-platform-launcher\1.9.2\junit-platform-launcher-1.9.2.jar;C:\Users\Administrator\.m2\repository\org\junit\platform\junit-platform-engine\1.9.2\junit-platform-engine-1.9.2.jar;"/>
    <property name="java.vm.vendor" value="Oracle Corporation"/>
    <property name="sun.arch.data.model" value="64"/>
    <property name="user.variant" value=""/>
    <property name="java.vendor.url" value="https://java.oracle.com/"/>
    <property name="user.timezone" value="Asia/Calcutta"/>
    <property name="os.name" value="Windows 10"/>
    <property name="java.vm.specification.version" value="17"/>
    <property name="sun.java.launcher" value="SUN_STANDARD"/>
    <property name="user.country" value="IN"/>
    <property name="sun.boot.library.path" value="C:\Program Files\Java\jdk-17\bin"/>
    <property name="sun.java.command" value="C:\Users\ADMINI~1\AppData\Local\Temp\surefire14779090542818530057\surefirebooter193955735879719597.jar C:\Users\Administrator\AppData\Local\Temp\surefire14779090542818530057 2023-06-24T16-36-36_202-jvmRun1 surefire3911045162701916624tmp surefire_011812556051873618653tmp"/>
    <property name="jdk.debug" value="release"/>
    <property name="surefire.test.class.path" value="C:\Users\Administrator\Desktop\FSE-1 Program\MovieBookingApp\target\test-classes;C:\Users\Administrator\Desktop\FSE-1 Program\MovieBookingApp\target\classes;C:\Users\Administrator\.m2\repository\org\springframework\boot\spring-boot-starter-data-mongodb\3.0.5\spring-boot-starter-data-mongodb-3.0.5.jar;C:\Users\Administrator\.m2\repository\org\springframework\boot\spring-boot-starter\3.0.5\spring-boot-starter-3.0.5.jar;C:\Users\Administrator\.m2\repository\org\springframework\boot\spring-boot-starter-logging\3.0.5\spring-boot-starter-logging-3.0.5.jar;C:\Users\Administrator\.m2\repository\ch\qos\logback\logback-classic\1.4.6\logback-classic-1.4.6.jar;C:\Users\Administrator\.m2\repository\ch\qos\logback\logback-core\1.4.6\logback-core-1.4.6.jar;C:\Users\Administrator\.m2\repository\org\apache\logging\log4j\log4j-to-slf4j\2.19.0\log4j-to-slf4j-2.19.0.jar;C:\Users\Administrator\.m2\repository\org\apache\logging\log4j\log4j-api\2.19.0\log4j-api-2.19.0.jar;C:\Users\Administrator\.m2\repository\org\slf4j\jul-to-slf4j\2.0.7\jul-to-slf4j-2.0.7.jar;C:\Users\Administrator\.m2\repository\jakarta\annotation\jakarta.annotation-api\2.1.1\jakarta.annotation-api-2.1.1.jar;C:\Users\Administrator\.m2\repository\org\yaml\snakeyaml\1.33\snakeyaml-1.33.jar;C:\Users\Administrator\.m2\repository\org\mongodb\mongodb-driver-sync\4.8.2\mongodb-driver-sync-4.8.2.jar;C:\Users\Administrator\.m2\repository\org\mongodb\bson\4.8.2\bson-4.8.2.jar;C:\Users\Administrator\.m2\repository\org\mongodb\mongodb-driver-core\4.8.2\mongodb-driver-core-4.8.2.jar;C:\Users\Administrator\.m2\repository\org\mongodb\bson-record-codec\4.8.2\bson-record-codec-4.8.2.jar;C:\Users\Administrator\.m2\repository\org\springframework\data\spring-data-mongodb\4.0.4\spring-data-mongodb-4.0.4.jar;C:\Users\Administrator\.m2\repository\org\springframework\spring-beans\6.0.7\spring-beans-6.0.7.jar;C:\Users\Administrator\.m2\repository\org\springframework\spring-expression\6.0.7\spring-expression-6.0.7.jar;C:\Users\Administrator\.m2\repository\org\springframework\data\spring-data-commons\3.0.4\spring-data-commons-3.0.4.jar;C:\Users\Administrator\.m2\repository\org\slf4j\slf4j-api\2.0.7\slf4j-api-2.0.7.jar;C:\Users\Administrator\.m2\repository\org\springframework\boot\spring-boot-starter-web\3.0.5\spring-boot-starter-web-3.0.5.jar;C:\Users\Administrator\.m2\repository\org\springframework\boot\spring-boot-starter-json\3.0.5\spring-boot-starter-json-3.0.5.jar;C:\Users\Administrator\.m2\repository\com\fasterxml\jackson\core\jackson-databind\2.14.2\jackson-databind-2.14.2.jar;C:\Users\Administrator\.m2\repository\com\fasterxml\jackson\core\jackson-annotations\2.14.2\jackson-annotations-2.14.2.jar;C:\Users\Administrator\.m2\repository\com\fasterxml\jackson\core\jackson-core\2.14.2\jackson-core-2.14.2.jar;C:\Users\Administrator\.m2\repository\com\fasterxml\jackson\datatype\jackson-datatype-jdk8\2.14.2\jackson-datatype-jdk8-2.14.2.jar;C:\Users\Administrator\.m2\repository\com\fasterxml\jackson\datatype\jackson-datatype-jsr310\2.14.2\jackson-datatype-jsr310-2.14.2.jar;C:\Users\Administrator\.m2\repository\com\fasterxml\jackson\module\jackson-module-parameter-names\2.14.2\jackson-module-parameter-names-2.14.2.jar;C:\Users\Administrator\.m2\repository\org\springframework\boot\spring-boot-starter-tomcat\3.0.5\spring-boot-starter-tomcat-3.0.5.jar;C:\Users\Administrator\.m2\repository\org\apache\tomcat\embed\tomcat-embed-core\10.1.7\tomcat-embed-core-10.1.7.jar;C:\Users\Administrator\.m2\repository\org\apache\tomcat\embed\tomcat-embed-el\10.1.7\tomcat-embed-el-10.1.7.jar;C:\Users\Administrator\.m2\repository\org\apache\tomcat\embed\tomcat-embed-websocket\10.1.7\tomcat-embed-websocket-10.1.7.jar;C:\Users\Administrator\.m2\repository\org\springframework\spring-web\6.0.7\spring-web-6.0.7.jar;C:\Users\Administrator\.m2\repository\org\springframework\spring-webmvc\6.0.7\spring-webmvc-6.0.7.jar;C:\Users\Administrator\.m2\repository\org\springframework\spring-aop\6.0.7\spring-aop-6.0.7.jar;C:\Users\Administrator\.m2\repository\org\springframework\boot\spring-boot-devtools\3.0.5\spring-boot-devtools-3.0.5.jar;C:\Users\Administrator\.m2\repository\org\springframework\boot\spring-boot\3.0.5\spring-boot-3.0.5.jar;C:\Users\Administrator\.m2\repository\org\springframework\boot\spring-boot-autoconfigure\3.0.5\spring-boot-autoconfigure-3.0.5.jar;C:\Users\Administrator\.m2\repository\org\projectlombok\lombok\1.18.26\lombok-1.18.26.jar;C:\Users\Administrator\.m2\repository\org\springframework\boot\spring-boot-starter-test\3.0.5\spring-boot-starter-test-3.0.5.jar;C:\Users\Administrator\.m2\repository\org\springframework\boot\spring-boot-test\3.0.5\spring-boot-test-3.0.5.jar;C:\Users\Administrator\.m2\repository\org\springframework\boot\spring-boot-test-autoconfigure\3.0.5\spring-boot-test-autoconfigure-3.0.5.jar;C:\Users\Administrator\.m2\repository\com\jayway\jsonpath\json-path\2.7.0\json-path-2.7.0.jar;C:\Users\Administrator\.m2\repository\net\minidev\json-smart\2.4.10\json-smart-2.4.10.jar;C:\Users\Administrator\.m2\repository\net\minidev\accessors-smart\2.4.9\accessors-smart-2.4.9.jar;C:\Users\Administrator\.m2\repository\org\ow2\asm\asm\9.3\asm-9.3.jar;C:\Users\Administrator\.m2\repository\jakarta\xml\bind\jakarta.xml.bind-api\4.0.0\jakarta.xml.bind-api-4.0.0.jar;C:\Users\Administrator\.m2\repository\jakarta\activation\jakarta.activation-api\2.1.1\jakarta.activation-api-2.1.1.jar;C:\Users\Administrator\.m2\repository\org\assertj\assertj-core\3.23.1\assertj-core-3.23.1.jar;C:\Users\Administrator\.m2\repository\net\bytebuddy\byte-buddy\1.12.23\byte-buddy-1.12.23.jar;C:\Users\Administrator\.m2\repository\org\hamcrest\hamcrest\2.2\hamcrest-2.2.jar;C:\Users\Administrator\.m2\repository\org\junit\jupiter\junit-jupiter\5.9.2\junit-jupiter-5.9.2.jar;C:\Users\Administrator\.m2\repository\org\junit\jupiter\junit-jupiter-params\5.9.2\junit-jupiter-params-5.9.2.jar;C:\Users\Administrator\.m2\repository\org\junit\jupiter\junit-jupiter-engine\5.9.2\junit-jupiter-engine-5.9.2.jar;C:\Users\Administrator\.m2\repository\org\mockito\mockito-core\4.8.1\mockito-core-4.8.1.jar;C:\Users\Administrator\.m2\repository\net\bytebuddy\byte-buddy-agent\1.12.23\byte-buddy-agent-1.12.23.jar;C:\Users\Administrator\.m2\repository\org\objenesis\objenesis\3.2\objenesis-3.2.jar;C:\Users\Administrator\.m2\repository\org\mockito\mockito-junit-jupiter\4.8.1\mockito-junit-jupiter-4.8.1.jar;C:\Users\Administrator\.m2\repository\org\skyscreamer\jsonassert\1.5.1\jsonassert-1.5.1.jar;C:\Users\Administrator\.m2\repository\com\vaadin\external\google\android-json\0.0.20131108.vaadin1\android-json-0.0.20131108.vaadin1.jar;C:\Users\Administrator\.m2\repository\org\springframework\spring-core\6.0.7\spring-core-6.0.7.jar;C:\Users\Administrator\.m2\repository\org\springframework\spring-jcl\6.0.7\spring-jcl-6.0.7.jar;C:\Users\Administrator\.m2\repository\org\springframework\spring-test\6.0.7\spring-test-6.0.7.jar;C:\Users\Administrator\.m2\repository\org\xmlunit\xmlunit-core\2.9.1\xmlunit-core-2.9.1.jar;C:\Users\Administrator\.m2\repository\org\springframework\kafka\spring-kafka\3.0.5\spring-kafka-3.0.5.jar;C:\Users\Administrator\.m2\repository\org\springframework\spring-context\6.0.7\spring-context-6.0.7.jar;C:\Users\Administrator\.m2\repository\org\springframework\spring-messaging\6.0.7\spring-messaging-6.0.7.jar;C:\Users\Administrator\.m2\repository\org\springframework\spring-tx\6.0.7\spring-tx-6.0.7.jar;C:\Users\Administrator\.m2\repository\org\springframework\retry\spring-retry\2.0.1\spring-retry-2.0.1.jar;C:\Users\Administrator\.m2\repository\org\apache\kafka\kafka-clients\3.3.2\kafka-clients-3.3.2.jar;C:\Users\Administrator\.m2\repository\com\github\luben\zstd-jni\1.5.2-1\zstd-jni-1.5.2-1.jar;C:\Users\Administrator\.m2\repository\org\lz4\lz4-java\1.8.0\lz4-java-1.8.0.jar;C:\Users\Administrator\.m2\repository\org\xerial\snappy\snappy-java\1.1.8.4\snappy-java-1.1.8.4.jar;C:\Users\Administrator\.m2\repository\io\micrometer\micrometer-observation\1.10.5\micrometer-observation-1.10.5.jar;C:\Users\Administrator\.m2\repository\io\micrometer\micrometer-commons\1.10.5\micrometer-commons-1.10.5.jar;C:\Users\Administrator\.m2\repository\com\google\code\findbugs\jsr305\3.0.2\jsr305-3.0.2.jar;C:\Users\Administrator\.m2\repository\org\springframework\kafka\spring-kafka-test\3.0.5\spring-kafka-test-3.0.5.jar;C:\Users\Administrator\.m2\repository\org\apache\zookeeper\zookeeper\3.6.3\zookeeper-3.6.3.jar;C:\Users\Administrator\.m2\repository\org\apache\zookeeper\zookeeper-jute\3.6.3\zookeeper-jute-3.6.3.jar;C:\Users\Administrator\.m2\repository\org\apache\yetus\audience-annotations\0.5.0\audience-annotations-0.5.0.jar;C:\Users\Administrator\.m2\repository\io\netty\netty-handler\4.1.90.Final\netty-handler-4.1.90.Final.jar;C:\Users\Administrator\.m2\repository\io\netty\netty-common\4.1.90.Final\netty-common-4.1.90.Final.jar;C:\Users\Administrator\.m2\repository\io\netty\netty-resolver\4.1.90.Final\netty-resolver-4.1.90.Final.jar;C:\Users\Administrator\.m2\repository\io\netty\netty-buffer\4.1.90.Final\netty-buffer-4.1.90.Final.jar;C:\Users\Administrator\.m2\repository\io\netty\netty-transport\4.1.90.Final\netty-transport-4.1.90.Final.jar;C:\Users\Administrator\.m2\repository\io\netty\netty-transport-native-unix-common\4.1.90.Final\netty-transport-native-unix-common-4.1.90.Final.jar;C:\Users\Administrator\.m2\repository\io\netty\netty-codec\4.1.90.Final\netty-codec-4.1.90.Final.jar;C:\Users\Administrator\.m2\repository\io\netty\netty-transport-native-epoll\4.1.90.Final\netty-transport-native-epoll-4.1.90.Final.jar;C:\Users\Administrator\.m2\repository\io\netty\netty-transport-classes-epoll\4.1.90.Final\netty-transport-classes-epoll-4.1.90.Final.jar;C:\Users\Administrator\.m2\repository\org\apache\kafka\kafka-clients\3.3.2\kafka-clients-3.3.2-test.jar;C:\Users\Administrator\.m2\repository\org\apache\kafka\kafka-metadata\3.3.2\kafka-metadata-3.3.2.jar;C:\Users\Administrator\.m2\repository\org\apache\kafka\kafka-server-common\3.3.2\kafka-server-common-3.3.2.jar;C:\Users\Administrator\.m2\repository\org\apache\kafka\kafka-raft\3.3.2\kafka-raft-3.3.2.jar;C:\Users\Administrator\.m2\repository\com\yammer\metrics\metrics-core\2.2.0\metrics-core-2.2.0.jar;C:\Users\Administrator\.m2\repository\org\apache\kafka\kafka-streams-test-utils\3.3.2\kafka-streams-test-utils-3.3.2.jar;C:\Users\Administrator\.m2\repository\org\apache\kafka\kafka-streams\3.3.2\kafka-streams-3.3.2.jar;C:\Users\Administrator\.m2\repository\org\rocksdb\rocksdbjni\7.1.2\rocksdbjni-7.1.2.jar;C:\Users\Administrator\.m2\repository\org\apache\kafka\kafka_2.13\3.3.2\kafka_2.13-3.3.2.jar;C:\Users\Administrator\.m2\repository\org\scala-lang\scala-library\2.13.8\scala-library-2.13.8.jar;C:\Users\Administrator\.m2\repository\org\apache\kafka\kafka-storage\3.3.2\kafka-storage-3.3.2.jar;C:\Users\Administrator\.m2\repository\org\apache\kafka\kafka-storage-api\3.3.2\kafka-storage-api-3.3.2.jar;C:\Users\Administrator\.m2\repository\net\sourceforge\argparse4j\argparse4j\0.7.0\argparse4j-0.7.0.jar;C:\Users\Administrator\.m2\repository\com\fasterxml\jackson\module\jackson-module-scala_2.13\2.14.2\jackson-module-scala_2.13-2.14.2.jar;C:\Users\Administrator\.m2\repository\com\thoughtworks\paranamer\paranamer\2.8\paranamer-2.8.jar;C:\Users\Administrator\.m2\repository\com\fasterxml\jackson\dataformat\jackson-dataformat-csv\2.14.2\jackson-dataformat-csv-2.14.2.jar;C:\Users\Administrator\.m2\repository\net\sf\jopt-simple\jopt-simple\5.0.4\jopt-simple-5.0.4.jar;C:\Users\Administrator\.m2\repository\org\bitbucket\b_c\jose4j\0.7.9\jose4j-0.7.9.jar;C:\Users\Administrator\.m2\repository\org\scala-lang\modules\scala-collection-compat_2.13\2.6.0\scala-collection-compat_2.13-2.6.0.jar;C:\Users\Administrator\.m2\repository\org\scala-lang\modules\scala-java8-compat_2.13\1.0.2\scala-java8-compat_2.13-1.0.2.jar;C:\Users\Administrator\.m2\repository\org\scala-lang\scala-reflect\2.13.8\scala-reflect-2.13.8.jar;C:\Users\Administrator\.m2\repository\com\typesafe\scala-logging\scala-logging_2.13\3.9.4\scala-logging_2.13-3.9.4.jar;C:\Users\Administrator\.m2\repository\io\dropwizard\metrics\metrics-core\4.2.18\metrics-core-4.2.18.jar;C:\Users\Administrator\.m2\repository\commons-cli\commons-cli\1.4\commons-cli-1.4.jar;C:\Users\Administrator\.m2\repository\org\apache\kafka\kafka_2.13\3.3.2\kafka_2.13-3.3.2-test.jar;C:\Users\Administrator\.m2\repository\org\junit\jupiter\junit-jupiter-api\5.9.2\junit-jupiter-api-5.9.2.jar;C:\Users\Administrator\.m2\repository\org\opentest4j\opentest4j\1.2.0\opentest4j-1.2.0.jar;C:\Users\Administrator\.m2\repository\org\junit\platform\junit-platform-commons\1.9.2\junit-platform-commons-1.9.2.jar;C:\Users\Administrator\.m2\repository\org\apiguardian\apiguardian-api\1.1.2\apiguardian-api-1.1.2.jar;C:\Users\Administrator\.m2\repository\org\junit\platform\junit-platform-launcher\1.9.2\junit-platform-launcher-1.9.2.jar;C:\Users\Administrator\.m2\repository\org\junit\platform\junit-platform-engine\1.9.2\junit-platform-engine-1.9.2.jar;"/>
    <property name="sun.cpu.endian" value="little"/>
    <property name="user.home" value="C:\Users\Administrator"/>
    <property name="user.language" value="en"/>
    <property name="java.specification.vendor" value="Oracle Corporation"/>
    <property name="java.version.date" value="2023-04-18"/>
    <property name="java.home" value="C:\Program Files\Java\jdk-17"/>
    <property name="file.separator" value="\"/>
    <property name="basedir" value="C:\Users\Administrator\Desktop\FSE-1 Program\MovieBookingApp"/>
    <property name="java.vm.compressedOopsMode" value="Zero based"/>
    <property name="line.separator" value="&#10;"/>
    <property name="java.vm.specification.vendor" value="Oracle Corporation"/>
    <property name="java.specification.name" value="Java Platform API Specification"/>
    <property name="surefire.real.class.path" value="C:\Users\ADMINI~1\AppData\Local\Temp\surefire14779090542818530057\surefirebooter193955735879719597.jar"/>
    <property name="user.script" value=""/>
    <property name="sun.management.compiler" value="HotSpot 64-Bit Tiered Compilers"/>
    <property name="java.runtime.version" value="17.0.7+8-LTS-224"/>
    <property name="user.name" value="Administrator"/>
    <property name="path.separator" value=";"/>
    <property name="os.version" value="10.0"/>
    <property name="java.runtime.name" value="Java(TM) SE Runtime Environment"/>
    <property name="file.encoding" value="Cp1252"/>
    <property name="java.vm.name" value="Java HotSpot(TM) 64-Bit Server VM"/>
    <property name="localRepository" value="C:\Users\Administrator\.m2\repository"/>
    <property name="java.vendor.url.bug" value="https://bugreport.java.com/bugreport/"/>
    <property name="java.io.tmpdir" value="C:\Users\ADMINI~1\AppData\Local\Temp\"/>
    <property name="java.version" value="17.0.7"/>
    <property name="user.dir" value="C:\Users\Administrator\Desktop\FSE-1 Program\MovieBookingApp"/>
    <property name="os.arch" value="amd64"/>
    <property name="java.vm.specification.name" value="Java Virtual Machine Specification"/>
    <property name="sun.os.patch.level" value=""/>
    <property name="native.encoding" value="Cp1252"/>
    <property name="java.library.path" value="C:\Program Files\Java\jdk-17\bin;C:\Windows\Sun\Java\bin;C:\Windows\system32;C:\Windows;C:/Program Files/Java/jdk-17/bin/server;C:/Program Files/Java/jdk-17/bin;C:\Program Files\Java\jdk-17\bin;C:\Program Files\Java\jdk-11.0.16.1\bin;C:\Program Files\Common Files\Oracle\Java\javapath;C:\Program Files\Python310\Scripts\;C:\Program Files\Python310\;C:\Program Files (x86)\Microsoft SDKs\Azure\CLI2\wbin;C:\Windows\system32;C:\Windows;C:\Windows\System32\Wbem;C:\Windows\System32\WindowsPowerShell\v1.0\;C:\Windows\System32\OpenSSH\;C:\Program Files\Git\cmd;C:\apache-maven-3.8.3\bin;C:\Program Files\Amazon\AWSCLIV2\;C:\sonarqube-9.1.0.47736\bin;C:\Kubectl;C:\ProgramData\chocolatey\bin;C:\Terraform;C:\Program Files\Microsoft VS Code\bin;C:\Program Files\nodejs\;C:\Program Files\Cloud Foundry;C:\Program Files (x86)\Groovy\bin;C:\kafka_2.12-3.2.3\bin;C:\Helm;C:\apache-jmeter-5.4.1\bin;C:\phantomjs-2.1.1-windows\bin;C:\Users\Administrator\bin\Sencha\Cmd;C:\Program Files\MySQL\MySQL Shell 8.0\bin\;C:\Users\Administrator\AppData\Local\Microsoft\WindowsApps;C:\Program Files\Docker Toolbox;C:\Users\Administrator\AppData\Roaming\npm;C:\Program Files\JetBrains\IntelliJ IDEA Community Edition 2018.3.6\bin;;C:\Users\Administrator\AppData\Local\Google\Cloud SDK\google-cloud-sdk\bin;C:\Users\Administrator\Desktop;;."/>
    <property name="java.vm.info" value="mixed mode, sharing"/>
    <property name="java.vendor" value="Oracle Corporation"/>
    <property name="java.vm.version" value="17.0.7+8-LTS-224"/>
    <property name="sun.io.unicode.encoding" value="UnicodeLittle"/>
    <property name="java.class.version" value="61.0"/>
  </properties>
  <testcase name="movieIsLoadingOrNot" classname="com.cts.MovieBookingApp.models.MovieTest" time="0.036"/>
  <testcase name="testMovieClassGetterSetter" classname="com.cts.MovieBookingApp.models.MovieTest" time="0.003"/>
  <testcase name="testingMovieClassConstructor" classname="com.cts.MovieBookingApp.models.MovieTest" time="0.003"/>
</testsuite>